/*C13*/SET SCHEMA PUBLIC
DELETE FROM MEASUREMENT_SEQ WHERE NEXT_VAL=1051
INSERT INTO MEASUREMENT_SEQ VALUES(1101)
COMMIT
/*C12*/SET SCHEMA PUBLIC
INSERT INTO MEASUREMENT VALUES(1002,'2024-05-19 21:11:10.000000',78.0E0,1010.0E0,0E0/0E0,288.04E0,3.6E0,1)
COMMIT
DISCONNECT
/*C13*/DISCONNECT
/*C14*/SET SCHEMA PUBLIC
DISCONNECT
/*C15*/SET SCHEMA PUBLIC
DISCONNECT
/*C16*/SET SCHEMA PUBLIC
DISCONNECT
/*C17*/SET SCHEMA PUBLIC
DISCONNECT
/*C18*/SET SCHEMA PUBLIC
DISCONNECT
/*C19*/SET SCHEMA PUBLIC
DISCONNECT
/*C20*/SET SCHEMA PUBLIC
DISCONNECT
/*C21*/SET SCHEMA PUBLIC
DISCONNECT
